# JRE version: OpenJDK Runtime Environment (17.0.6) (build 17.0.6+0-b2043.56-10027231)
# Java VM: OpenJDK 64-Bit Server VM (17.0.6+0-b2043.56-10027231, mixed mode, tiered, compressed oops, compressed class ptrs, g1 gc, windows-amd64)
GC Precious Log:
 CPUs: 8 total, 8 available
 Memory: 7103M
 Large Page Support: Disabled
 NUMA Support: Disabled
 Compressed Oops: Enabled (32-bit)
 Heap Region Size: 1M
 Heap Min Capacity: 8M
 Heap Initial Capacity: 112M
 Heap Max Capacity: 1776M
 Pre-touch: Disabled
 Parallel Workers: 8
 Concurrent Workers: 2
 Concurrent Refinement Workers: 8
 Periodic GC: Disabled
Heap:
 garbage-first heap   total 90112K, used 51070K [0x0000000091000000, 0x0000000100000000)
  region size 1024K, 10 young (10240K), 4 survivors (4096K)
 Metaspace       used 56347K, committed 56704K, reserved 1105920K
  class space    used 6621K, committed 6784K, reserved 1048576K
GC Heap History (20 events):
Event: 2.048 GC heap before
{Heap before GC invocations=4 (full 0):
 garbage-first heap   total 40960K, used 16468K [0x0000000091000000, 0x0000000100000000)
  region size 1024K, 3 young (3072K), 2 survivors (2048K)
 Metaspace       used 27550K, committed 27840K, reserved 1081344K
  class space    used 3017K, committed 3136K, reserved 1048576K
}
Event: 2.052 GC heap after
{Heap after GC invocations=5 (full 0):
 garbage-first heap   total 40960K, used 16806K [0x0000000091000000, 0x0000000100000000)
  region size 1024K, 1 young (1024K), 1 survivors (1024K)
 Metaspace       used 27550K, committed 27840K, reserved 1081344K
  class space    used 3017K, committed 3136K, reserved 1048576K
}
Event: 2.419 GC heap before
{Heap before GC invocations=5 (full 0):
 garbage-first heap   total 40960K, used 30118K [0x0000000091000000, 0x0000000100000000)
  region size 1024K, 15 young (15360K), 1 survivors (1024K)
 Metaspace       used 31564K, committed 31808K, reserved 1081344K
  class space    used 3828K, committed 3904K, reserved 1048576K
}
Event: 2.426 GC heap after
{Heap after GC invocations=6 (full 0):
 garbage-first heap   total 40960K, used 18259K [0x0000000091000000, 0x0000000100000000)
  region size 1024K, 2 young (2048K), 2 survivors (2048K)
 Metaspace       used 31564K, committed 31808K, reserved 1081344K
  class space    used 3828K, committed 3904K, reserved 1048576K
}
Event: 2.598 GC heap before
{Heap before GC invocations=6 (full 0):
 garbage-first heap   total 40960K, used 33619K [0x0000000091000000, 0x0000000100000000)
  region size 1024K, 15 young (15360K), 2 survivors (2048K)
 Metaspace       used 31855K, committed 32064K, reserved 1081344K
  class space    used 3856K, committed 3968K, reserved 1048576K
}
Event: 2.610 GC heap after
{Heap after GC invocations=7 (full 0):
 garbage-first heap   total 69632K, used 23958K [0x0000000091000000, 0x0000000100000000)
  region size 1024K, 2 young (2048K), 2 survivors (2048K)
 Metaspace       used 31855K, committed 32064K, reserved 1081344K
  class space    used 3856K, committed 3968K, reserved 1048576K
}
Event: 2.929 GC heap before
{Heap before GC invocations=7 (full 0):
 garbage-first heap   total 69632K, used 36246K [0x0000000091000000, 0x0000000100000000)
  region size 1024K, 16 young (16384K), 2 survivors (2048K)
 Metaspace       used 35742K, committed 35968K, reserved 1081344K
  class space    used 4499K, committed 4608K, reserved 1048576K
}
Event: 2.936 GC heap after
{Heap after GC invocations=8 (full 0):
 garbage-first heap   total 69632K, used 25352K [0x0000000091000000, 0x0000000100000000)
  region size 1024K, 4 young (4096K), 4 survivors (4096K)
 Metaspace       used 35742K, committed 35968K, reserved 1081344K
  class space    used 4499K, committed 4608K, reserved 1048576K
}
Event: 3.354 GC heap before
{Heap before GC invocations=9 (full 0):
 garbage-first heap   total 69632K, used 48904K [0x0000000091000000, 0x0000000100000000)
  region size 1024K, 28 young (28672K), 4 survivors (4096K)
 Metaspace       used 40016K, committed 40256K, reserved 1089536K
  class space    used 4970K, committed 5120K, reserved 1048576K
}
Event: 3.368 GC heap after
{Heap after GC invocations=10 (full 0):
 garbage-first heap   total 69632K, used 26209K [0x0000000091000000, 0x0000000100000000)
  region size 1024K, 4 young (4096K), 4 survivors (4096K)
 Metaspace       used 40016K, committed 40256K, reserved 1089536K
  class space    used 4970K, committed 5120K, reserved 1048576K
}
Event: 3.927 GC heap before
{Heap before GC invocations=10 (full 0):
 garbage-first heap   total 69632K, used 49761K [0x0000000091000000, 0x0000000100000000)
  region size 1024K, 28 young (28672K), 4 survivors (4096K)
 Metaspace       used 46103K, committed 46400K, reserved 1089536K
  class space    used 5564K, committed 5696K, reserved 1048576K
}
Event: 3.935 GC heap after
{Heap after GC invocations=11 (full 0):
 garbage-first heap   total 69632K, used 28726K [0x0000000091000000, 0x0000000100000000)
  region size 1024K, 3 young (3072K), 3 survivors (3072K)
 Metaspace       used 46103K, committed 46400K, reserved 1089536K
  class space    used 5564K, committed 5696K, reserved 1048576K
}
Event: 4.486 GC heap before
{Heap before GC invocations=11 (full 0):
 garbage-first heap   total 69632K, used 53302K [0x0000000091000000, 0x0000000100000000)
  region size 1024K, 26 young (26624K), 3 survivors (3072K)
 Metaspace       used 49808K, committed 50048K, reserved 1097728K
  class space    used 6003K, committed 6144K, reserved 1048576K
}
Event: 4.501 GC heap after
{Heap after GC invocations=12 (full 0):
 garbage-first heap   total 90112K, used 34478K [0x0000000091000000, 0x0000000100000000)
  region size 1024K, 4 young (4096K), 4 survivors (4096K)
 Metaspace       used 49808K, committed 50048K, reserved 1097728K
  class space    used 6003K, committed 6144K, reserved 1048576K
}
Event: 4.865 GC heap before
{Heap before GC invocations=12 (full 0):
 garbage-first heap   total 90112K, used 69294K [0x0000000091000000, 0x0000000100000000)
  region size 1024K, 37 young (37888K), 4 survivors (4096K)
 Metaspace       used 51621K, committed 51904K, reserved 1097728K
  class space    used 6184K, committed 6336K, reserved 1048576K
}
Event: 4.879 GC heap after
{Heap after GC invocations=13 (full 0):
 garbage-first heap   total 90112K, used 38091K [0x0000000091000000, 0x0000000100000000)
  region size 1024K, 4 young (4096K), 4 survivors (4096K)
 Metaspace       used 51621K, committed 51904K, reserved 1097728K
  class space    used 6184K, committed 6336K, reserved 1048576K
}
Event: 5.699 GC heap before
{Heap before GC invocations=13 (full 0):
 garbage-first heap   total 90112K, used 68811K [0x0000000091000000, 0x0000000100000000)
  region size 1024K, 34 young (34816K), 4 survivors (4096K)
 Metaspace       used 54217K, committed 54528K, reserved 1097728K
  class space    used 6370K, committed 6528K, reserved 1048576K
}
Event: 5.716 GC heap after
{Heap after GC invocations=14 (full 0):
 garbage-first heap   total 90112K, used 43008K [0x0000000091000000, 0x0000000100000000)
  region size 1024K, 5 young (5120K), 5 survivors (5120K)
 Metaspace       used 54217K, committed 54528K, reserved 1097728K
  class space    used 6370K, committed 6528K, reserved 1048576K
}
Event: 6.205 GC heap before
{Heap before GC invocations=14 (full 0):
 garbage-first heap   total 90112K, used 69632K [0x0000000091000000, 0x0000000100000000)
  region size 1024K, 31 young (31744K), 5 survivors (5120K)
 Metaspace       used 56005K, committed 56320K, reserved 1105920K
  class space    used 6582K, committed 6720K, reserved 1048576K
}
Event: 6.224 GC heap after
{Heap after GC invocations=15 (full 0):
 garbage-first heap   total 90112K, used 46974K [0x0000000091000000, 0x0000000100000000)
  region size 1024K, 4 young (4096K), 4 survivors (4096K)
 Metaspace       used 56005K, committed 56320K, reserved 1105920K
  class space    used 6582K, committed 6720K, reserved 1048576K
}

