# JRE version: OpenJDK Runtime Environment (17.0.6) (build 17.0.6+0-b2043.56-10027231)
# Java VM: OpenJDK 64-Bit Server VM (17.0.6+0-b2043.56-10027231, mixed mode, tiered, compressed oops, compressed class ptrs, g1 gc, windows-amd64)
GC Precious Log:
 CPUs: 8 total, 8 available
 Memory: 7103M
 Large Page Support: Disabled
 NUMA Support: Disabled
 Compressed Oops: Enabled (32-bit)
 Heap Region Size: 1M
 Heap Min Capacity: 8M
 Heap Initial Capacity: 112M
 Heap Max Capacity: 1776M
 Pre-touch: Disabled
 Parallel Workers: 8
 Concurrent Workers: 2
 Concurrent Refinement Workers: 8
 Periodic GC: Disabled
Heap:
 garbage-first heap   total 99328K, used 64889K [0x0000000091000000, 0x0000000100000000)
  region size 1024K, 21 young (21504K), 3 survivors (3072K)
 Metaspace       used 58596K, committed 58880K, reserved 1105920K
  class space    used 6917K, committed 7040K, reserved 1048576K
GC Heap History (20 events):
Event: 4.874 GC heap before
{Heap before GC invocations=6 (full 0):
 garbage-first heap   total 40960K, used 33696K [0x0000000091000000, 0x0000000100000000)
  region size 1024K, 15 young (15360K), 2 survivors (2048K)
 Metaspace       used 31843K, committed 32064K, reserved 1081344K
  class space    used 3852K, committed 3968K, reserved 1048576K
}
Event: 4.886 GC heap after
{Heap after GC invocations=7 (full 0):
 garbage-first heap   total 40960K, used 23990K [0x0000000091000000, 0x0000000100000000)
  region size 1024K, 2 young (2048K), 2 survivors (2048K)
 Metaspace       used 31843K, committed 32064K, reserved 1081344K
  class space    used 3852K, committed 3968K, reserved 1048576K
}
Event: 5.162 GC heap before
{Heap before GC invocations=7 (full 0):
 garbage-first heap   total 40960K, used 30134K [0x0000000091000000, 0x0000000100000000)
  region size 1024K, 9 young (9216K), 2 survivors (2048K)
 Metaspace       used 34116K, committed 34304K, reserved 1081344K
  class space    used 4330K, committed 4416K, reserved 1048576K
}
Event: 5.167 GC heap after
{Heap after GC invocations=8 (full 0):
 garbage-first heap   total 40960K, used 24815K [0x0000000091000000, 0x0000000100000000)
  region size 1024K, 1 young (1024K), 1 survivors (1024K)
 Metaspace       used 34116K, committed 34304K, reserved 1081344K
  class space    used 4330K, committed 4416K, reserved 1048576K
}
Event: 5.428 GC heap before
{Heap before GC invocations=9 (full 0):
 garbage-first heap   total 45056K, used 31983K [0x0000000091000000, 0x0000000100000000)
  region size 1024K, 8 young (8192K), 1 survivors (1024K)
 Metaspace       used 35715K, committed 35904K, reserved 1081344K
  class space    used 4503K, committed 4608K, reserved 1048576K
}
Event: 5.432 GC heap after
{Heap after GC invocations=10 (full 0):
 garbage-first heap   total 45056K, used 25802K [0x0000000091000000, 0x0000000100000000)
  region size 1024K, 1 young (1024K), 1 survivors (1024K)
 Metaspace       used 35715K, committed 35904K, reserved 1081344K
  class space    used 4503K, committed 4608K, reserved 1048576K
}
Event: 5.691 GC heap before
{Heap before GC invocations=10 (full 0):
 garbage-first heap   total 45056K, used 33994K [0x0000000091000000, 0x0000000100000000)
  region size 1024K, 10 young (10240K), 1 survivors (1024K)
 Metaspace       used 37082K, committed 37312K, reserved 1089536K
  class space    used 4662K, committed 4736K, reserved 1048576K
}
Event: 5.698 GC heap after
{Heap after GC invocations=11 (full 0):
 garbage-first heap   total 78848K, used 25267K [0x0000000091000000, 0x0000000100000000)
  region size 1024K, 2 young (2048K), 2 survivors (2048K)
 Metaspace       used 37082K, committed 37312K, reserved 1089536K
  class space    used 4662K, committed 4736K, reserved 1048576K
}
Event: 6.684 GC heap before
{Heap before GC invocations=12 (full 0):
 garbage-first heap   total 78848K, used 59059K [0x0000000091000000, 0x0000000100000000)
  region size 1024K, 35 young (35840K), 2 survivors (2048K)
 Metaspace       used 44067K, committed 44416K, reserved 1089536K
  class space    used 5334K, committed 5504K, reserved 1048576K
}
Event: 6.696 GC heap after
{Heap after GC invocations=13 (full 0):
 garbage-first heap   total 78848K, used 28487K [0x0000000091000000, 0x0000000100000000)
  region size 1024K, 5 young (5120K), 5 survivors (5120K)
 Metaspace       used 44067K, committed 44416K, reserved 1089536K
  class space    used 5334K, committed 5504K, reserved 1048576K
}
Event: 7.590 GC heap before
{Heap before GC invocations=13 (full 0):
 garbage-first heap   total 78848K, used 63303K [0x0000000091000000, 0x0000000100000000)
  region size 1024K, 36 young (36864K), 5 survivors (5120K)
 Metaspace       used 49914K, committed 50176K, reserved 1097728K
  class space    used 6005K, committed 6144K, reserved 1048576K
}
Event: 7.610 GC heap after
{Heap after GC invocations=14 (full 0):
 garbage-first heap   total 78848K, used 35635K [0x0000000091000000, 0x0000000100000000)
  region size 1024K, 5 young (5120K), 5 survivors (5120K)
 Metaspace       used 49914K, committed 50176K, reserved 1097728K
  class space    used 6005K, committed 6144K, reserved 1048576K
}
Event: 7.835 GC heap before
{Heap before GC invocations=14 (full 0):
 garbage-first heap   total 78848K, used 60211K [0x0000000091000000, 0x0000000100000000)
  region size 1024K, 29 young (29696K), 5 survivors (5120K)
 Metaspace       used 50468K, committed 50752K, reserved 1097728K
  class space    used 6053K, committed 6208K, reserved 1048576K
}
Event: 7.848 GC heap after
{Heap after GC invocations=15 (full 0):
 garbage-first heap   total 78848K, used 37484K [0x0000000091000000, 0x0000000100000000)
  region size 1024K, 2 young (2048K), 2 survivors (2048K)
 Metaspace       used 50468K, committed 50752K, reserved 1097728K
  class space    used 6053K, committed 6208K, reserved 1048576K
}
Event: 8.767 GC heap before
{Heap before GC invocations=15 (full 0):
 garbage-first heap   total 78848K, used 61036K [0x0000000091000000, 0x0000000100000000)
  region size 1024K, 25 young (25600K), 2 survivors (2048K)
 Metaspace       used 53960K, committed 54272K, reserved 1097728K
  class space    used 6364K, committed 6528K, reserved 1048576K
}
Event: 8.784 GC heap after
{Heap after GC invocations=16 (full 0):
 garbage-first heap   total 78848K, used 40783K [0x0000000091000000, 0x0000000100000000)
  region size 1024K, 4 young (4096K), 4 survivors (4096K)
 Metaspace       used 53960K, committed 54272K, reserved 1097728K
  class space    used 6364K, committed 6528K, reserved 1048576K
}
Event: 9.322 GC heap before
{Heap before GC invocations=17 (full 0):
 garbage-first heap   total 78848K, used 62287K [0x0000000091000000, 0x0000000100000000)
  region size 1024K, 25 young (25600K), 4 survivors (4096K)
 Metaspace       used 54403K, committed 54656K, reserved 1097728K
  class space    used 6392K, committed 6528K, reserved 1048576K
}
Event: 9.338 GC heap after
{Heap after GC invocations=18 (full 0):
 garbage-first heap   total 78848K, used 45035K [0x0000000091000000, 0x0000000100000000)
  region size 1024K, 4 young (4096K), 4 survivors (4096K)
 Metaspace       used 54403K, committed 54656K, reserved 1097728K
  class space    used 6392K, committed 6528K, reserved 1048576K
}
Event: 9.651 GC heap before
{Heap before GC invocations=18 (full 0):
 garbage-first heap   total 78848K, used 62443K [0x0000000091000000, 0x0000000100000000)
  region size 1024K, 21 young (21504K), 4 survivors (4096K)
 Metaspace       used 55749K, committed 56064K, reserved 1105920K
  class space    used 6550K, committed 6656K, reserved 1048576K
}
Event: 9.667 GC heap after
{Heap after GC invocations=19 (full 0):
 garbage-first heap   total 99328K, used 47481K [0x0000000091000000, 0x0000000100000000)
  region size 1024K, 3 young (3072K), 3 survivors (3072K)
 Metaspace       used 55749K, committed 56064K, reserved 1105920K
  class space    used 6550K, committed 6656K, reserved 1048576K
}

